{"/home/bertho/OpenAgenda/inbox-apps/src/components/index.js": {"path":"/home/bertho/OpenAgenda/inbox-apps/src/components/index.js","statementMap":{},"fnMap":{},"branchMap":{},"s":{},"f":{},"b":{},"_coverageSchema":"332fd63041d2c1bcb487cc26dd0d5f7d97098a6c","hash":"fc131f85a5c323ac3e413cdb3ec7d39ecd370e92"}
,"/home/bertho/OpenAgenda/inbox-apps/src/components/ActionsList/ActionsList.js": {"path":"/home/bertho/OpenAgenda/inbox-apps/src/components/ActionsList/ActionsList.js","statementMap":{"0":{"start":{"line":8,"column":4},"end":{"line":8,"column":19}},"1":{"start":{"line":9,"column":4},"end":{"line":9,"column":46}},"2":{"start":{"line":17,"column":21},"end":{"line":17,"column":33}},"3":{"start":{"line":19,"column":4},"end":{"line":21,"column":5}},"4":{"start":{"line":20,"column":6},"end":{"line":20,"column":34}},"5":{"start":{"line":23,"column":4},"end":{"line":23,"column":60}},"6":{"start":{"line":27,"column":36},"end":{"line":27,"column":46}},"7":{"start":{"line":29,"column":4},"end":{"line":31,"column":5}},"8":{"start":{"line":30,"column":6},"end":{"line":30,"column":68}},"9":{"start":{"line":33,"column":4},"end":{"line":35,"column":5}},"10":{"start":{"line":34,"column":6},"end":{"line":34,"column":69}},"11":{"start":{"line":37,"column":4},"end":{"line":37,"column":35}},"12":{"start":{"line":41,"column":34},"end":{"line":41,"column":44}},"13":{"start":{"line":43,"column":4},"end":{"line":45,"column":5}},"14":{"start":{"line":44,"column":6},"end":{"line":44,"column":18}},"15":{"start":{"line":47,"column":4},"end":{"line":75,"column":6}},"16":{"start":{"line":50,"column":10},"end":{"line":72,"column":21}},"17":{"start":{"line":58,"column":31},"end":{"line":58,"column":59}},"18":{"start":{"line":67,"column":31},"end":{"line":67,"column":59}}},"fnMap":{"0":{"name":"(anonymous_0)","decl":{"start":{"line":7,"column":2},"end":{"line":7,"column":3}},"loc":{"start":{"line":7,"column":23},"end":{"line":10,"column":3}},"line":7},"1":{"name":"(anonymous_1)","decl":{"start":{"line":16,"column":2},"end":{"line":16,"column":3}},"loc":{"start":{"line":16,"column":27},"end":{"line":24,"column":3}},"line":16},"2":{"name":"(anonymous_2)","decl":{"start":{"line":26,"column":2},"end":{"line":26,"column":3}},"loc":{"start":{"line":26,"column":26},"end":{"line":38,"column":3}},"line":26},"3":{"name":"(anonymous_3)","decl":{"start":{"line":40,"column":2},"end":{"line":40,"column":3}},"loc":{"start":{"line":40,"column":11},"end":{"line":76,"column":3}},"line":40},"4":{"name":"(anonymous_4)","decl":{"start":{"line":49,"column":22},"end":{"line":49,"column":23}},"loc":{"start":{"line":50,"column":10},"end":{"line":72,"column":21}},"line":50},"5":{"name":"(anonymous_5)","decl":{"start":{"line":58,"column":25},"end":{"line":58,"column":26}},"loc":{"start":{"line":58,"column":31},"end":{"line":58,"column":59}},"line":58},"6":{"name":"(anonymous_6)","decl":{"start":{"line":67,"column":25},"end":{"line":67,"column":26}},"loc":{"start":{"line":67,"column":31},"end":{"line":67,"column":59}},"line":67}},"branchMap":{"0":{"loc":{"start":{"line":19,"column":4},"end":{"line":21,"column":5}},"type":"if","locations":[{"start":{"line":19,"column":4},"end":{"line":21,"column":5}},{"start":{"line":19,"column":4},"end":{"line":21,"column":5}}],"line":19},"1":{"loc":{"start":{"line":29,"column":4},"end":{"line":31,"column":5}},"type":"if","locations":[{"start":{"line":29,"column":4},"end":{"line":31,"column":5}},{"start":{"line":29,"column":4},"end":{"line":31,"column":5}}],"line":29},"2":{"loc":{"start":{"line":33,"column":4},"end":{"line":35,"column":5}},"type":"if","locations":[{"start":{"line":33,"column":4},"end":{"line":35,"column":5}},{"start":{"line":33,"column":4},"end":{"line":35,"column":5}}],"line":33},"3":{"loc":{"start":{"line":43,"column":4},"end":{"line":45,"column":5}},"type":"if","locations":[{"start":{"line":43,"column":4},"end":{"line":45,"column":5}},{"start":{"line":43,"column":4},"end":{"line":45,"column":5}}],"line":43},"4":{"loc":{"start":{"line":43,"column":9},"end":{"line":43,"column":36}},"type":"binary-expr","locations":[{"start":{"line":43,"column":9},"end":{"line":43,"column":17}},{"start":{"line":43,"column":21},"end":{"line":43,"column":36}}],"line":43},"5":{"loc":{"start":{"line":51,"column":13},"end":{"line":53,"column":20}},"type":"cond-expr","locations":[{"start":{"line":52,"column":14},"end":{"line":52,"column":45}},{"start":{"line":53,"column":16},"end":{"line":53,"column":20}}],"line":51},"6":{"loc":{"start":{"line":55,"column":13},"end":{"line":71,"column":13}},"type":"cond-expr","locations":[{"start":{"line":56,"column":14},"end":{"line":61,"column":18}},{"start":{"line":63,"column":14},"end":{"line":70,"column":23}}],"line":55},"7":{"loc":{"start":{"line":55,"column":13},"end":{"line":55,"column":51}},"type":"binary-expr","locations":[{"start":{"line":55,"column":13},"end":{"line":55,"column":38}},{"start":{"line":55,"column":42},"end":{"line":55,"column":51}}],"line":55}},"s":{"0":0,"1":0,"2":0,"3":0,"4":0,"5":0,"6":0,"7":0,"8":0,"9":0,"10":0,"11":0,"12":0,"13":0,"14":0,"15":0,"16":0,"17":0,"18":0},"f":{"0":0,"1":0,"2":0,"3":0,"4":0,"5":0,"6":0},"b":{"0":[0,0],"1":[0,0],"2":[0,0],"3":[0,0],"4":[0,0],"5":[0,0],"6":[0,0],"7":[0,0]},"_coverageSchema":"332fd63041d2c1bcb487cc26dd0d5f7d97098a6c","hash":"75c91337945efa9f830131d2eb3a11588f1a68fe"}
,"/home/bertho/OpenAgenda/inbox-apps/src/components/AuthorAvatar/AuthorAvatar.js": {"path":"/home/bertho/OpenAgenda/inbox-apps/src/components/AuthorAvatar/AuthorAvatar.js","statementMap":{"0":{"start":{"line":7,"column":53},"end":{"line":7,"column":63}},"1":{"start":{"line":9,"column":23},"end":{"line":12,"column":7}},"2":{"start":{"line":14,"column":4},"end":{"line":32,"column":5}},"3":{"start":{"line":15,"column":6},"end":{"line":31,"column":18}},"4":{"start":{"line":34,"column":4},"end":{"line":41,"column":6}}},"fnMap":{"0":{"name":"(anonymous_0)","decl":{"start":{"line":6,"column":2},"end":{"line":6,"column":3}},"loc":{"start":{"line":6,"column":11},"end":{"line":42,"column":3}},"line":6}},"branchMap":{"0":{"loc":{"start":{"line":14,"column":4},"end":{"line":32,"column":5}},"type":"if","locations":[{"start":{"line":14,"column":4},"end":{"line":32,"column":5}},{"start":{"line":14,"column":4},"end":{"line":32,"column":5}}],"line":14},"1":{"loc":{"start":{"line":18,"column":23},"end":{"line":18,"column":95}},"type":"cond-expr","locations":[{"start":{"line":18,"column":41},"end":{"line":18,"column":88}},{"start":{"line":18,"column":91},"end":{"line":18,"column":95}}],"line":18},"2":{"loc":{"start":{"line":23,"column":9},"end":{"line":30,"column":16}},"type":"cond-expr","locations":[{"start":{"line":24,"column":12},"end":{"line":29,"column":12}},{"start":{"line":30,"column":12},"end":{"line":30,"column":16}}],"line":23},"3":{"loc":{"start":{"line":23,"column":9},"end":{"line":23,"column":66}},"type":"binary-expr","locations":[{"start":{"line":23,"column":9},"end":{"line":23,"column":16}},{"start":{"line":23,"column":20},"end":{"line":23,"column":25}},{"start":{"line":23,"column":29},"end":{"line":23,"column":41}},{"start":{"line":23,"column":45},"end":{"line":23,"column":66}}],"line":23},"4":{"loc":{"start":{"line":26,"column":25},"end":{"line":26,"column":93}},"type":"cond-expr","locations":[{"start":{"line":26,"column":43},"end":{"line":26,"column":86}},{"start":{"line":26,"column":89},"end":{"line":26,"column":93}}],"line":26},"5":{"loc":{"start":{"line":37,"column":21},"end":{"line":37,"column":89}},"type":"cond-expr","locations":[{"start":{"line":37,"column":39},"end":{"line":37,"column":82}},{"start":{"line":37,"column":85},"end":{"line":37,"column":89}}],"line":37}},"s":{"0":0,"1":0,"2":0,"3":0,"4":0},"f":{"0":0},"b":{"0":[0,0],"1":[0,0],"2":[0,0],"3":[0,0,0,0],"4":[0,0],"5":[0,0]},"_coverageSchema":"332fd63041d2c1bcb487cc26dd0d5f7d97098a6c","hash":"3b81c688659f58fc27b81ad5fd7d85580d241e16"}
,"/home/bertho/OpenAgenda/inbox-apps/src/components/Breadcrumb/Breadcrumb.js": {"path":"/home/bertho/OpenAgenda/inbox-apps/src/components/Breadcrumb/Breadcrumb.js","statementMap":{"0":{"start":{"line":8,"column":27},"end":{"line":8,"column":37}},"1":{"start":{"line":10,"column":4},"end":{"line":12,"column":5}},"2":{"start":{"line":11,"column":6},"end":{"line":11,"column":18}},"3":{"start":{"line":14,"column":4},"end":{"line":21,"column":8}},"4":{"start":{"line":15,"column":6},"end":{"line":20,"column":8}},"5":{"start":{"line":25,"column":67},"end":{"line":25,"column":77}},"6":{"start":{"line":27,"column":20},"end":{"line":27,"column":53}},"7":{"start":{"line":29,"column":21},"end":{"line":42,"column":7}},"8":{"start":{"line":34,"column":12},"end":{"line":39,"column":16}},"9":{"start":{"line":36,"column":29},"end":{"line":36,"column":96}},"10":{"start":{"line":44,"column":4},"end":{"line":49,"column":6}}},"fnMap":{"0":{"name":"(anonymous_0)","decl":{"start":{"line":7,"column":2},"end":{"line":7,"column":3}},"loc":{"start":{"line":7,"column":16},"end":{"line":22,"column":3}},"line":7},"1":{"name":"(anonymous_1)","decl":{"start":{"line":14,"column":27},"end":{"line":14,"column":28}},"loc":{"start":{"line":14,"column":47},"end":{"line":21,"column":5}},"line":14},"2":{"name":"(anonymous_2)","decl":{"start":{"line":24,"column":2},"end":{"line":24,"column":3}},"loc":{"start":{"line":24,"column":11},"end":{"line":50,"column":3}},"line":24},"3":{"name":"(anonymous_3)","decl":{"start":{"line":33,"column":11},"end":{"line":33,"column":12}},"loc":{"start":{"line":34,"column":12},"end":{"line":39,"column":16}},"line":34},"4":{"name":"(anonymous_4)","decl":{"start":{"line":36,"column":23},"end":{"line":36,"column":24}},"loc":{"start":{"line":36,"column":29},"end":{"line":36,"column":96}},"line":36}},"branchMap":{"0":{"loc":{"start":{"line":10,"column":4},"end":{"line":12,"column":5}},"type":"if","locations":[{"start":{"line":10,"column":4},"end":{"line":12,"column":5}},{"start":{"line":10,"column":4},"end":{"line":12,"column":5}}],"line":10},"1":{"loc":{"start":{"line":10,"column":9},"end":{"line":10,"column":42}},"type":"binary-expr","locations":[{"start":{"line":10,"column":9},"end":{"line":10,"column":20}},{"start":{"line":10,"column":24},"end":{"line":10,"column":42}}],"line":10},"2":{"loc":{"start":{"line":27,"column":20},"end":{"line":27,"column":53}},"type":"binary-expr","locations":[{"start":{"line":27,"column":20},"end":{"line":27,"column":31}},{"start":{"line":27,"column":35},"end":{"line":27,"column":53}}],"line":27},"3":{"loc":{"start":{"line":29,"column":21},"end":{"line":42,"column":7}},"type":"cond-expr","locations":[{"start":{"line":30,"column":8},"end":{"line":30,"column":27}},{"start":{"line":32,"column":8},"end":{"line":41,"column":24}}],"line":29},"4":{"loc":{"start":{"line":29,"column":21},"end":{"line":29,"column":52}},"type":"binary-expr","locations":[{"start":{"line":29,"column":21},"end":{"line":29,"column":41}},{"start":{"line":29,"column":45},"end":{"line":29,"column":52}}],"line":29}},"s":{"0":0,"1":0,"2":0,"3":0,"4":0,"5":0,"6":0,"7":0,"8":0,"9":0,"10":0},"f":{"0":0,"1":0,"2":0,"3":0,"4":0},"b":{"0":[0,0],"1":[0,0],"2":[0,0],"3":[0,0],"4":[0,0]},"_coverageSchema":"332fd63041d2c1bcb487cc26dd0d5f7d97098a6c","hash":"8930e61233d8fa2d5040a525bcb39b3f9e61c21b"}
,"/home/bertho/OpenAgenda/inbox-apps/src/components/ConversationForm/ConversationForm.js": {"path":"/home/bertho/OpenAgenda/inbox-apps/src/components/ConversationForm/ConversationForm.js","statementMap":{"0":{"start":{"line":29,"column":4},"end":{"line":29,"column":65}},"1":{"start":{"line":33,"column":4},"end":{"line":37,"column":5}},"2":{"start":{"line":34,"column":6},"end":{"line":34,"column":33}},"3":{"start":{"line":36,"column":6},"end":{"line":36,"column":19}},"4":{"start":{"line":41,"column":68},"end":{"line":41,"column":78}},"5":{"start":{"line":43,"column":4},"end":{"line":81,"column":6}},"6":{"start":{"line":74,"column":12},"end":{"line":76,"column":13}},"7":{"start":{"line":75,"column":14},"end":{"line":75,"column":23}}},"fnMap":{"0":{"name":"(anonymous_0)","decl":{"start":{"line":28,"column":2},"end":{"line":28,"column":3}},"loc":{"start":{"line":28,"column":27},"end":{"line":30,"column":3}},"line":28},"1":{"name":"(anonymous_1)","decl":{"start":{"line":32,"column":2},"end":{"line":32,"column":3}},"loc":{"start":{"line":32,"column":26},"end":{"line":38,"column":3}},"line":32},"2":{"name":"(anonymous_2)","decl":{"start":{"line":40,"column":2},"end":{"line":40,"column":3}},"loc":{"start":{"line":40,"column":11},"end":{"line":82,"column":3}},"line":40},"3":{"name":"(anonymous_3)","decl":{"start":{"line":73,"column":21},"end":{"line":73,"column":22}},"loc":{"start":{"line":73,"column":26},"end":{"line":77,"column":11}},"line":73}},"branchMap":{"0":{"loc":{"start":{"line":29,"column":11},"end":{"line":29,"column":64}},"type":"cond-expr","locations":[{"start":{"line":29,"column":33},"end":{"line":29,"column":56}},{"start":{"line":29,"column":59},"end":{"line":29,"column":64}}],"line":29},"1":{"loc":{"start":{"line":74,"column":12},"end":{"line":76,"column":13}},"type":"if","locations":[{"start":{"line":74,"column":12},"end":{"line":76,"column":13}},{"start":{"line":74,"column":12},"end":{"line":76,"column":13}}],"line":74},"2":{"loc":{"start":{"line":74,"column":17},"end":{"line":74,"column":46}},"type":"binary-expr","locations":[{"start":{"line":74,"column":17},"end":{"line":74,"column":33}},{"start":{"line":74,"column":37},"end":{"line":74,"column":46}}],"line":74}},"s":{"0":0,"1":0,"2":0,"3":0,"4":0,"5":0,"6":0,"7":0},"f":{"0":0,"1":0,"2":0,"3":0},"b":{"0":[0,0],"1":[0,0],"2":[0,0]},"_coverageSchema":"332fd63041d2c1bcb487cc26dd0d5f7d97098a6c","hash":"ad317696375b6619b4cc96b4cb2191d7e5f7dd89"}
,"/home/bertho/OpenAgenda/inbox-apps/src/components/ConversationForm/validate.js": {"path":"/home/bertho/OpenAgenda/inbox-apps/src/components/ConversationForm/validate.js","statementMap":{"0":{"start":{"line":4,"column":0},"end":{"line":6,"column":4}},"1":{"start":{"line":9,"column":2},"end":{"line":22,"column":3}},"2":{"start":{"line":10,"column":21},"end":{"line":17,"column":7}},"3":{"start":{"line":19,"column":4},"end":{"line":19,"column":21}},"4":{"start":{"line":21,"column":4},"end":{"line":21,"column":86}},"5":{"start":{"line":21,"column":44},"end":{"line":21,"column":78}}},"fnMap":{"0":{"name":"validate","decl":{"start":{"line":8,"column":24},"end":{"line":8,"column":32}},"loc":{"start":{"line":8,"column":41},"end":{"line":23,"column":1}},"line":8},"1":{"name":"(anonymous_1)","decl":{"start":{"line":21,"column":26},"end":{"line":21,"column":27}},"loc":{"start":{"line":21,"column":44},"end":{"line":21,"column":78}},"line":21}},"branchMap":{},"s":{"0":1,"1":0,"2":0,"3":0,"4":0,"5":0},"f":{"0":0,"1":0},"b":{},"_coverageSchema":"332fd63041d2c1bcb487cc26dd0d5f7d97098a6c","hash":"2769d4739ad91470e3d437803bebe5b90baa2a75"}
,"/home/bertho/OpenAgenda/inbox-apps/src/components/ConversationItem/ConversationItem.js": {"path":"/home/bertho/OpenAgenda/inbox-apps/src/components/ConversationItem/ConversationItem.js","statementMap":{"0":{"start":{"line":22,"column":25},"end":{"line":22,"column":37}},"1":{"start":{"line":23,"column":35},"end":{"line":23,"column":45}},"2":{"start":{"line":24,"column":30},"end":{"line":24,"column":42}},"3":{"start":{"line":26,"column":25},"end":{"line":26,"column":58}},"4":{"start":{"line":27,"column":25},"end":{"line":27,"column":94}},"5":{"start":{"line":28,"column":20},"end":{"line":31,"column":5}},"6":{"start":{"line":33,"column":4},"end":{"line":68,"column":5}},"7":{"start":{"line":34,"column":6},"end":{"line":38,"column":8}},"8":{"start":{"line":40,"column":6},"end":{"line":67,"column":7}},"9":{"start":{"line":41,"column":8},"end":{"line":45,"column":10}},"10":{"start":{"line":47,"column":8},"end":{"line":66,"column":10}},"11":{"start":{"line":72,"column":4},"end":{"line":79,"column":5}},"12":{"start":{"line":74,"column":8},"end":{"line":74,"column":77}},"13":{"start":{"line":76,"column":8},"end":{"line":76,"column":96}},"14":{"start":{"line":78,"column":8},"end":{"line":78,"column":33}},"15":{"start":{"line":83,"column":35},"end":{"line":83,"column":45}},"16":{"start":{"line":84,"column":25},"end":{"line":84,"column":37}},"17":{"start":{"line":86,"column":4},"end":{"line":88,"column":5}},"18":{"start":{"line":87,"column":6},"end":{"line":87,"column":18}},"19":{"start":{"line":90,"column":42},"end":{"line":90,"column":54}},"20":{"start":{"line":92,"column":29},"end":{"line":92,"column":74}},"21":{"start":{"line":94,"column":25},"end":{"line":103,"column":22}},"22":{"start":{"line":105,"column":4},"end":{"line":135,"column":6}},"23":{"start":{"line":11,"column":12},"end":{"line":13,"column":3}},"24":{"start":{"line":140,"column":2},"end":{"line":142,"column":3}},"25":{"start":{"line":141,"column":4},"end":{"line":141,"column":33}},"26":{"start":{"line":144,"column":2},"end":{"line":144,"column":27}},"27":{"start":{"line":148,"column":2},"end":{"line":150,"column":3}},"28":{"start":{"line":149,"column":4},"end":{"line":149,"column":16}},"29":{"start":{"line":152,"column":2},"end":{"line":154,"column":3}},"30":{"start":{"line":153,"column":4},"end":{"line":153,"column":16}},"31":{"start":{"line":156,"column":2},"end":{"line":156,"column":15}}},"fnMap":{"0":{"name":"(anonymous_0)","decl":{"start":{"line":21,"column":2},"end":{"line":21,"column":3}},"loc":{"start":{"line":21,"column":47},"end":{"line":69,"column":3}},"line":21},"1":{"name":"(anonymous_1)","decl":{"start":{"line":71,"column":2},"end":{"line":71,"column":3}},"loc":{"start":{"line":71,"column":66},"end":{"line":80,"column":3}},"line":71},"2":{"name":"(anonymous_2)","decl":{"start":{"line":82,"column":2},"end":{"line":82,"column":3}},"loc":{"start":{"line":82,"column":11},"end":{"line":136,"column":3}},"line":82},"3":{"name":"(anonymous_3)","decl":{"start":{"line":11,"column":2},"end":{"line":11,"column":3}},"loc":{"start":{"line":11,"column":12},"end":{"line":13,"column":3}},"line":11},"4":{"name":"getInboxUserName","decl":{"start":{"line":139,"column":9},"end":{"line":139,"column":25}},"loc":{"start":{"line":139,"column":36},"end":{"line":145,"column":1}},"line":139},"5":{"name":"isCreator","decl":{"start":{"line":147,"column":9},"end":{"line":147,"column":18}},"loc":{"start":{"line":147,"column":36},"end":{"line":157,"column":1}},"line":147}},"branchMap":{"0":{"loc":{"start":{"line":33,"column":4},"end":{"line":68,"column":5}},"type":"if","locations":[{"start":{"line":33,"column":4},"end":{"line":68,"column":5}},{"start":{"line":33,"column":4},"end":{"line":68,"column":5}}],"line":33},"1":{"loc":{"start":{"line":40,"column":6},"end":{"line":67,"column":7}},"type":"if","locations":[{"start":{"line":40,"column":6},"end":{"line":67,"column":7}},{"start":{"line":40,"column":6},"end":{"line":67,"column":7}}],"line":40},"2":{"loc":{"start":{"line":56,"column":13},"end":{"line":62,"column":20}},"type":"cond-expr","locations":[{"start":{"line":58,"column":16},"end":{"line":60,"column":27}},{"start":{"line":62,"column":16},"end":{"line":62,"column":20}}],"line":56},"3":{"loc":{"start":{"line":72,"column":4},"end":{"line":79,"column":5}},"type":"switch","locations":[{"start":{"line":73,"column":6},"end":{"line":74,"column":77}},{"start":{"line":75,"column":6},"end":{"line":76,"column":96}},{"start":{"line":77,"column":6},"end":{"line":78,"column":33}}],"line":72},"4":{"loc":{"start":{"line":86,"column":4},"end":{"line":88,"column":5}},"type":"if","locations":[{"start":{"line":86,"column":4},"end":{"line":88,"column":5}},{"start":{"line":86,"column":4},"end":{"line":88,"column":5}}],"line":86},"5":{"loc":{"start":{"line":94,"column":25},"end":{"line":103,"column":22}},"type":"cond-expr","locations":[{"start":{"line":94,"column":38},"end":{"line":103,"column":15}},{"start":{"line":103,"column":18},"end":{"line":103,"column":22}}],"line":94},"6":{"loc":{"start":{"line":126,"column":15},"end":{"line":126,"column":70}},"type":"cond-expr","locations":[{"start":{"line":126,"column":36},"end":{"line":126,"column":63}},{"start":{"line":126,"column":66},"end":{"line":126,"column":70}}],"line":126},"7":{"loc":{"start":{"line":140,"column":2},"end":{"line":142,"column":3}},"type":"if","locations":[{"start":{"line":140,"column":2},"end":{"line":142,"column":3}},{"start":{"line":140,"column":2},"end":{"line":142,"column":3}}],"line":140},"8":{"loc":{"start":{"line":148,"column":2},"end":{"line":150,"column":3}},"type":"if","locations":[{"start":{"line":148,"column":2},"end":{"line":150,"column":3}},{"start":{"line":148,"column":2},"end":{"line":150,"column":3}}],"line":148},"9":{"loc":{"start":{"line":148,"column":7},"end":{"line":148,"column":66}},"type":"binary-expr","locations":[{"start":{"line":148,"column":7},"end":{"line":148,"column":24}},{"start":{"line":148,"column":28},"end":{"line":148,"column":66}}],"line":148},"10":{"loc":{"start":{"line":152,"column":2},"end":{"line":154,"column":3}},"type":"if","locations":[{"start":{"line":152,"column":2},"end":{"line":154,"column":3}},{"start":{"line":152,"column":2},"end":{"line":154,"column":3}}],"line":152},"11":{"loc":{"start":{"line":152,"column":7},"end":{"line":152,"column":77}},"type":"binary-expr","locations":[{"start":{"line":152,"column":7},"end":{"line":152,"column":36}},{"start":{"line":152,"column":40},"end":{"line":152,"column":77}}],"line":152}},"s":{"0":0,"1":0,"2":0,"3":0,"4":0,"5":0,"6":0,"7":0,"8":0,"9":0,"10":0,"11":0,"12":0,"13":0,"14":0,"15":0,"16":0,"17":0,"18":0,"19":0,"20":0,"21":0,"22":0,"23":0,"24":0,"25":0,"26":0,"27":0,"28":0,"29":0,"30":0,"31":0},"f":{"0":0,"1":0,"2":0,"3":0,"4":0,"5":0},"b":{"0":[0,0],"1":[0,0],"2":[0,0],"3":[0,0,0],"4":[0,0],"5":[0,0],"6":[0,0],"7":[0,0],"8":[0,0],"9":[0,0],"10":[0,0],"11":[0,0]},"_coverageSchema":"332fd63041d2c1bcb487cc26dd0d5f7d97098a6c","hash":"dedd552e09726c8a247a479dd12bde9a8a731a7f"}
,"/home/bertho/OpenAgenda/inbox-apps/src/components/ConversationList/ConversationList.js": {"path":"/home/bertho/OpenAgenda/inbox-apps/src/components/ConversationList/ConversationList.js","statementMap":{"0":{"start":{"line":6,"column":36},"end":{"line":6,"column":46}},"1":{"start":{"line":8,"column":4},"end":{"line":10,"column":6}},"2":{"start":{"line":9,"column":6},"end":{"line":9,"column":87}}},"fnMap":{"0":{"name":"(anonymous_0)","decl":{"start":{"line":5,"column":2},"end":{"line":5,"column":3}},"loc":{"start":{"line":5,"column":11},"end":{"line":11,"column":3}},"line":5},"1":{"name":"(anonymous_1)","decl":{"start":{"line":8,"column":30},"end":{"line":8,"column":31}},"loc":{"start":{"line":9,"column":6},"end":{"line":9,"column":87}},"line":9}},"branchMap":{},"s":{"0":0,"1":0,"2":0},"f":{"0":0,"1":0},"b":{},"_coverageSchema":"332fd63041d2c1bcb487cc26dd0d5f7d97098a6c","hash":"93ca3ebd760ed33145528f17da5ee94f482aa6ec"}
,"/home/bertho/OpenAgenda/inbox-apps/src/components/ConversationTitle/ConversationTitle.js": {"path":"/home/bertho/OpenAgenda/inbox-apps/src/components/ConversationTitle/ConversationTitle.js","statementMap":{"0":{"start":{"line":15,"column":41},"end":{"line":15,"column":87}},"1":{"start":{"line":22,"column":8},"end":{"line":22,"column":18}},"2":{"start":{"line":24,"column":29},"end":{"line":24,"column":74}},"3":{"start":{"line":26,"column":44},"end":{"line":26,"column":56}},"4":{"start":{"line":28,"column":20},"end":{"line":31,"column":5}},"5":{"start":{"line":33,"column":33},"end":{"line":33,"column":74}},"6":{"start":{"line":35,"column":4},"end":{"line":260,"column":5}},"7":{"start":{"line":37,"column":8},"end":{"line":189,"column":9}},"8":{"start":{"line":39,"column":12},"end":{"line":66,"column":13}},"9":{"start":{"line":40,"column":14},"end":{"line":44,"column":15}},"10":{"start":{"line":41,"column":16},"end":{"line":41,"column":87}},"11":{"start":{"line":43,"column":16},"end":{"line":43,"column":82}},"12":{"start":{"line":46,"column":14},"end":{"line":65,"column":15}},"13":{"start":{"line":50,"column":16},"end":{"line":57,"column":18}},"14":{"start":{"line":59,"column":16},"end":{"line":64,"column":18}},"15":{"start":{"line":69,"column":12},"end":{"line":123,"column":13}},"16":{"start":{"line":70,"column":14},"end":{"line":88,"column":15}},"17":{"start":{"line":71,"column":16},"end":{"line":78,"column":18}},"18":{"start":{"line":80,"column":16},"end":{"line":87,"column":18}},"19":{"start":{"line":90,"column":14},"end":{"line":122,"column":15}},"20":{"start":{"line":94,"column":16},"end":{"line":110,"column":18}},"21":{"start":{"line":112,"column":16},"end":{"line":121,"column":18}},"22":{"start":{"line":126,"column":12},"end":{"line":187,"column":13}},"23":{"start":{"line":127,"column":14},"end":{"line":149,"column":15}},"24":{"start":{"line":128,"column":16},"end":{"line":135,"column":18}},"25":{"start":{"line":137,"column":16},"end":{"line":148,"column":18}},"26":{"start":{"line":151,"column":14},"end":{"line":186,"column":15}},"27":{"start":{"line":155,"column":16},"end":{"line":171,"column":18}},"28":{"start":{"line":173,"column":16},"end":{"line":185,"column":18}},"29":{"start":{"line":191,"column":8},"end":{"line":224,"column":9}},"30":{"start":{"line":193,"column":12},"end":{"line":202,"column":13}},"31":{"start":{"line":194,"column":14},"end":{"line":194,"column":80}},"32":{"start":{"line":196,"column":14},"end":{"line":201,"column":16}},"33":{"start":{"line":204,"column":12},"end":{"line":223,"column":13}},"34":{"start":{"line":205,"column":14},"end":{"line":212,"column":16}},"35":{"start":{"line":214,"column":14},"end":{"line":222,"column":16}},"36":{"start":{"line":226,"column":8},"end":{"line":259,"column":9}},"37":{"start":{"line":228,"column":12},"end":{"line":237,"column":13}},"38":{"start":{"line":229,"column":14},"end":{"line":229,"column":89}},"39":{"start":{"line":231,"column":14},"end":{"line":236,"column":16}},"40":{"start":{"line":239,"column":12},"end":{"line":258,"column":13}},"41":{"start":{"line":240,"column":14},"end":{"line":247,"column":16}},"42":{"start":{"line":249,"column":14},"end":{"line":257,"column":16}},"43":{"start":{"line":7,"column":20},"end":{"line":9,"column":1}},"44":{"start":{"line":265,"column":2},"end":{"line":267,"column":3}},"45":{"start":{"line":266,"column":4},"end":{"line":266,"column":33}},"46":{"start":{"line":269,"column":2},"end":{"line":269,"column":27}},"47":{"start":{"line":273,"column":2},"end":{"line":275,"column":3}},"48":{"start":{"line":274,"column":4},"end":{"line":274,"column":16}},"49":{"start":{"line":277,"column":2},"end":{"line":279,"column":3}},"50":{"start":{"line":278,"column":4},"end":{"line":278,"column":16}},"51":{"start":{"line":281,"column":2},"end":{"line":281,"column":15}},"52":{"start":{"line":285,"column":2},"end":{"line":285,"column":60}},"53":{"start":{"line":285,"column":32},"end":{"line":285,"column":57}}},"fnMap":{"0":{"name":"(anonymous_0)","decl":{"start":{"line":15,"column":21},"end":{"line":15,"column":22}},"loc":{"start":{"line":15,"column":41},"end":{"line":15,"column":87}},"line":15},"1":{"name":"(anonymous_1)","decl":{"start":{"line":18,"column":2},"end":{"line":18,"column":3}},"loc":{"start":{"line":18,"column":11},"end":{"line":261,"column":3}},"line":18},"2":{"name":"(anonymous_2)","decl":{"start":{"line":7,"column":10},"end":{"line":7,"column":11}},"loc":{"start":{"line":7,"column":20},"end":{"line":9,"column":1}},"line":7},"3":{"name":"getInboxUserName","decl":{"start":{"line":264,"column":9},"end":{"line":264,"column":25}},"loc":{"start":{"line":264,"column":36},"end":{"line":270,"column":1}},"line":264},"4":{"name":"isUser","decl":{"start":{"line":272,"column":9},"end":{"line":272,"column":15}},"loc":{"start":{"line":272,"column":32},"end":{"line":282,"column":1}},"line":272},"5":{"name":"isInInboxes","decl":{"start":{"line":284,"column":9},"end":{"line":284,"column":20}},"loc":{"start":{"line":284,"column":38},"end":{"line":286,"column":1}},"line":284},"6":{"name":"(anonymous_6)","decl":{"start":{"line":285,"column":23},"end":{"line":285,"column":24}},"loc":{"start":{"line":285,"column":32},"end":{"line":285,"column":57}},"line":285}},"branchMap":{"0":{"loc":{"start":{"line":35,"column":4},"end":{"line":260,"column":5}},"type":"switch","locations":[{"start":{"line":36,"column":6},"end":{"line":189,"column":9}},{"start":{"line":190,"column":6},"end":{"line":224,"column":9}},{"start":{"line":225,"column":6},"end":{"line":259,"column":9}}],"line":35},"1":{"loc":{"start":{"line":37,"column":8},"end":{"line":189,"column":9}},"type":"switch","locations":[{"start":{"line":38,"column":10},"end":{"line":67,"column":11}},{"start":{"line":68,"column":10},"end":{"line":124,"column":11}},{"start":{"line":125,"column":10},"end":{"line":188,"column":11}}],"line":37},"2":{"loc":{"start":{"line":39,"column":12},"end":{"line":66,"column":13}},"type":"if","locations":[{"start":{"line":39,"column":12},"end":{"line":66,"column":13}},{"start":{"line":39,"column":12},"end":{"line":66,"column":13}}],"line":39},"3":{"loc":{"start":{"line":40,"column":14},"end":{"line":44,"column":15}},"type":"if","locations":[{"start":{"line":40,"column":14},"end":{"line":44,"column":15}},{"start":{"line":40,"column":14},"end":{"line":44,"column":15}}],"line":40},"4":{"loc":{"start":{"line":46,"column":14},"end":{"line":65,"column":15}},"type":"if","locations":[{"start":{"line":46,"column":14},"end":{"line":65,"column":15}},{"start":{"line":46,"column":14},"end":{"line":65,"column":15}}],"line":46},"5":{"loc":{"start":{"line":47,"column":16},"end":{"line":48,"column":99}},"type":"binary-expr","locations":[{"start":{"line":47,"column":17},"end":{"line":47,"column":49}},{"start":{"line":47,"column":53},"end":{"line":47,"column":93}},{"start":{"line":48,"column":20},"end":{"line":48,"column":54}},{"start":{"line":48,"column":58},"end":{"line":48,"column":98}}],"line":47},"6":{"loc":{"start":{"line":55,"column":21},"end":{"line":55,"column":110}},"type":"cond-expr","locations":[{"start":{"line":55,"column":44},"end":{"line":55,"column":70}},{"start":{"line":55,"column":73},"end":{"line":55,"column":110}}],"line":55},"7":{"loc":{"start":{"line":69,"column":12},"end":{"line":123,"column":13}},"type":"if","locations":[{"start":{"line":69,"column":12},"end":{"line":123,"column":13}},{"start":{"line":69,"column":12},"end":{"line":123,"column":13}}],"line":69},"8":{"loc":{"start":{"line":70,"column":14},"end":{"line":88,"column":15}},"type":"if","locations":[{"start":{"line":70,"column":14},"end":{"line":88,"column":15}},{"start":{"line":70,"column":14},"end":{"line":88,"column":15}}],"line":70},"9":{"loc":{"start":{"line":90,"column":14},"end":{"line":122,"column":15}},"type":"if","locations":[{"start":{"line":90,"column":14},"end":{"line":122,"column":15}},{"start":{"line":90,"column":14},"end":{"line":122,"column":15}}],"line":90},"10":{"loc":{"start":{"line":91,"column":16},"end":{"line":92,"column":99}},"type":"binary-expr","locations":[{"start":{"line":91,"column":17},"end":{"line":91,"column":49}},{"start":{"line":91,"column":53},"end":{"line":91,"column":93}},{"start":{"line":92,"column":20},"end":{"line":92,"column":54}},{"start":{"line":92,"column":58},"end":{"line":92,"column":98}}],"line":91},"11":{"loc":{"start":{"line":97,"column":21},"end":{"line":105,"column":21}},"type":"cond-expr","locations":[{"start":{"line":98,"column":22},"end":{"line":100,"column":33}},{"start":{"line":102,"column":22},"end":{"line":104,"column":33}}],"line":97},"12":{"loc":{"start":{"line":126,"column":12},"end":{"line":187,"column":13}},"type":"if","locations":[{"start":{"line":126,"column":12},"end":{"line":187,"column":13}},{"start":{"line":126,"column":12},"end":{"line":187,"column":13}}],"line":126},"13":{"loc":{"start":{"line":127,"column":14},"end":{"line":149,"column":15}},"type":"if","locations":[{"start":{"line":127,"column":14},"end":{"line":149,"column":15}},{"start":{"line":127,"column":14},"end":{"line":149,"column":15}}],"line":127},"14":{"loc":{"start":{"line":151,"column":14},"end":{"line":186,"column":15}},"type":"if","locations":[{"start":{"line":151,"column":14},"end":{"line":186,"column":15}},{"start":{"line":151,"column":14},"end":{"line":186,"column":15}}],"line":151},"15":{"loc":{"start":{"line":152,"column":16},"end":{"line":153,"column":99}},"type":"binary-expr","locations":[{"start":{"line":152,"column":17},"end":{"line":152,"column":49}},{"start":{"line":152,"column":53},"end":{"line":152,"column":93}},{"start":{"line":153,"column":20},"end":{"line":153,"column":54}},{"start":{"line":153,"column":58},"end":{"line":153,"column":98}}],"line":152},"16":{"loc":{"start":{"line":158,"column":21},"end":{"line":166,"column":21}},"type":"cond-expr","locations":[{"start":{"line":159,"column":22},"end":{"line":161,"column":33}},{"start":{"line":163,"column":22},"end":{"line":165,"column":33}}],"line":158},"17":{"loc":{"start":{"line":191,"column":8},"end":{"line":224,"column":9}},"type":"switch","locations":[{"start":{"line":192,"column":10},"end":{"line":202,"column":13}},{"start":{"line":203,"column":10},"end":{"line":223,"column":13}}],"line":191},"18":{"loc":{"start":{"line":193,"column":12},"end":{"line":202,"column":13}},"type":"if","locations":[{"start":{"line":193,"column":12},"end":{"line":202,"column":13}},{"start":{"line":193,"column":12},"end":{"line":202,"column":13}}],"line":193},"19":{"loc":{"start":{"line":204,"column":12},"end":{"line":223,"column":13}},"type":"if","locations":[{"start":{"line":204,"column":12},"end":{"line":223,"column":13}},{"start":{"line":204,"column":12},"end":{"line":223,"column":13}}],"line":204},"20":{"loc":{"start":{"line":226,"column":8},"end":{"line":259,"column":9}},"type":"switch","locations":[{"start":{"line":227,"column":10},"end":{"line":237,"column":13}},{"start":{"line":238,"column":10},"end":{"line":258,"column":13}}],"line":226},"21":{"loc":{"start":{"line":228,"column":12},"end":{"line":237,"column":13}},"type":"if","locations":[{"start":{"line":228,"column":12},"end":{"line":237,"column":13}},{"start":{"line":228,"column":12},"end":{"line":237,"column":13}}],"line":228},"22":{"loc":{"start":{"line":239,"column":12},"end":{"line":258,"column":13}},"type":"if","locations":[{"start":{"line":239,"column":12},"end":{"line":258,"column":13}},{"start":{"line":239,"column":12},"end":{"line":258,"column":13}}],"line":239},"23":{"loc":{"start":{"line":265,"column":2},"end":{"line":267,"column":3}},"type":"if","locations":[{"start":{"line":265,"column":2},"end":{"line":267,"column":3}},{"start":{"line":265,"column":2},"end":{"line":267,"column":3}}],"line":265},"24":{"loc":{"start":{"line":273,"column":2},"end":{"line":275,"column":3}},"type":"if","locations":[{"start":{"line":273,"column":2},"end":{"line":275,"column":3}},{"start":{"line":273,"column":2},"end":{"line":275,"column":3}}],"line":273},"25":{"loc":{"start":{"line":273,"column":7},"end":{"line":273,"column":64}},"type":"binary-expr","locations":[{"start":{"line":273,"column":7},"end":{"line":273,"column":23}},{"start":{"line":273,"column":27},"end":{"line":273,"column":64}}],"line":273},"26":{"loc":{"start":{"line":277,"column":2},"end":{"line":279,"column":3}},"type":"if","locations":[{"start":{"line":277,"column":2},"end":{"line":279,"column":3}},{"start":{"line":277,"column":2},"end":{"line":279,"column":3}}],"line":277},"27":{"loc":{"start":{"line":277,"column":7},"end":{"line":277,"column":75}},"type":"binary-expr","locations":[{"start":{"line":277,"column":7},"end":{"line":277,"column":35}},{"start":{"line":277,"column":39},"end":{"line":277,"column":75}}],"line":277}},"s":{"0":0,"1":1,"2":1,"3":1,"4":1,"5":1,"6":1,"7":1,"8":1,"9":1,"10":1,"11":0,"12":0,"13":0,"14":0,"15":0,"16":0,"17":0,"18":0,"19":0,"20":0,"21":0,"22":0,"23":0,"24":0,"25":0,"26":0,"27":0,"28":0,"29":0,"30":0,"31":0,"32":0,"33":0,"34":0,"35":0,"36":0,"37":0,"38":0,"39":0,"40":0,"41":0,"42":0,"43":1,"44":0,"45":0,"46":0,"47":3,"48":1,"49":2,"50":0,"51":2,"52":1,"53":2},"f":{"0":0,"1":1,"2":1,"3":0,"4":3,"5":1,"6":2},"b":{"0":[1,0,0],"1":[1,0,0],"2":[1,0],"3":[1,0],"4":[0,0],"5":[0,0,0,0],"6":[0,0],"7":[0,0],"8":[0,0],"9":[0,0],"10":[0,0,0,0],"11":[0,0],"12":[0,0],"13":[0,0],"14":[0,0],"15":[0,0,0,0],"16":[0,0],"17":[0,0],"18":[0,0],"19":[0,0],"20":[0,0],"21":[0,0],"22":[0,0],"23":[0,0],"24":[1,2],"25":[3,1],"26":[0,2],"27":[2,1]},"_coverageSchema":"332fd63041d2c1bcb487cc26dd0d5f7d97098a6c","hash":"910fcbcb50ff13f686288f9e1520224073754b06"}
,"/home/bertho/OpenAgenda/inbox-apps/src/components/Link/Link.js": {"path":"/home/bertho/OpenAgenda/inbox-apps/src/components/Link/Link.js","statementMap":{"0":{"start":{"line":8,"column":13},"end":{"line":18,"column":37}},"1":{"start":{"line":9,"column":21},"end":{"line":11,"column":3}},"2":{"start":{"line":12,"column":22},"end":{"line":17,"column":3}}},"fnMap":{"0":{"name":"(anonymous_0)","decl":{"start":{"line":9,"column":11},"end":{"line":9,"column":12}},"loc":{"start":{"line":9,"column":21},"end":{"line":11,"column":3}},"line":9},"1":{"name":"(anonymous_1)","decl":{"start":{"line":12,"column":12},"end":{"line":12,"column":13}},"loc":{"start":{"line":12,"column":22},"end":{"line":17,"column":3}},"line":12}},"branchMap":{"0":{"loc":{"start":{"line":13,"column":44},"end":{"line":13,"column":77}},"type":"cond-expr","locations":[{"start":{"line":13,"column":61},"end":{"line":13,"column":65}},{"start":{"line":13,"column":68},"end":{"line":13,"column":77}}],"line":13},"1":{"loc":{"start":{"line":14,"column":6},"end":{"line":14,"column":36}},"type":"cond-expr","locations":[{"start":{"line":14,"column":23},"end":{"line":14,"column":29}},{"start":{"line":14,"column":32},"end":{"line":14,"column":36}}],"line":14},"2":{"loc":{"start":{"line":14,"column":41},"end":{"line":14,"column":98}},"type":"cond-expr","locations":[{"start":{"line":14,"column":58},"end":{"line":14,"column":60}},{"start":{"line":14,"column":63},"end":{"line":14,"column":98}}],"line":14},"3":{"loc":{"start":{"line":15,"column":15},"end":{"line":15,"column":48}},"type":"cond-expr","locations":[{"start":{"line":15,"column":32},"end":{"line":15,"column":35}},{"start":{"line":15,"column":38},"end":{"line":15,"column":48}}],"line":15}},"s":{"0":1,"1":0,"2":0},"f":{"0":0,"1":0},"b":{"0":[0,0],"1":[0,0],"2":[0,0],"3":[0,0]},"_coverageSchema":"332fd63041d2c1bcb487cc26dd0d5f7d97098a6c","hash":"a83dd33810d868178bb6c8c9fc547288a015af08"}
,"/home/bertho/OpenAgenda/inbox-apps/src/components/LinkContainer/LinkContainer.js": {"path":"/home/bertho/OpenAgenda/inbox-apps/src/components/LinkContainer/LinkContainer.js","statementMap":{"0":{"start":{"line":7,"column":22},"end":{"line":15,"column":40}},"1":{"start":{"line":8,"column":21},"end":{"line":10,"column":3}},"2":{"start":{"line":11,"column":22},"end":{"line":14,"column":3}},"3":{"start":{"line":15,"column":12},"end":{"line":15,"column":38}}},"fnMap":{"0":{"name":"(anonymous_0)","decl":{"start":{"line":8,"column":11},"end":{"line":8,"column":12}},"loc":{"start":{"line":8,"column":21},"end":{"line":10,"column":3}},"line":8},"1":{"name":"(anonymous_1)","decl":{"start":{"line":11,"column":12},"end":{"line":11,"column":13}},"loc":{"start":{"line":11,"column":22},"end":{"line":14,"column":3}},"line":11},"2":{"name":"(anonymous_2)","decl":{"start":{"line":15,"column":3},"end":{"line":15,"column":4}},"loc":{"start":{"line":15,"column":12},"end":{"line":15,"column":38}},"line":15}},"branchMap":{"0":{"loc":{"start":{"line":13,"column":9},"end":{"line":13,"column":66}},"type":"cond-expr","locations":[{"start":{"line":13,"column":26},"end":{"line":13,"column":28}},{"start":{"line":13,"column":31},"end":{"line":13,"column":66}}],"line":13}},"s":{"0":1,"1":0,"2":0,"3":0},"f":{"0":0,"1":0,"2":0},"b":{"0":[0,0]},"_coverageSchema":"332fd63041d2c1bcb487cc26dd0d5f7d97098a6c","hash":"a272119264c6a62a32ac5c8afbc485bfb1edc57e"}
,"/home/bertho/OpenAgenda/inbox-apps/src/components/MessageForm/MessageForm.js": {"path":"/home/bertho/OpenAgenda/inbox-apps/src/components/MessageForm/MessageForm.js","statementMap":{"0":{"start":{"line":28,"column":68},"end":{"line":28,"column":78}},"1":{"start":{"line":30,"column":4},"end":{"line":47,"column":6}},"2":{"start":{"line":41,"column":10},"end":{"line":43,"column":11}},"3":{"start":{"line":42,"column":12},"end":{"line":42,"column":21}}},"fnMap":{"0":{"name":"(anonymous_0)","decl":{"start":{"line":27,"column":2},"end":{"line":27,"column":3}},"loc":{"start":{"line":27,"column":11},"end":{"line":48,"column":3}},"line":27},"1":{"name":"(anonymous_1)","decl":{"start":{"line":40,"column":19},"end":{"line":40,"column":20}},"loc":{"start":{"line":40,"column":24},"end":{"line":44,"column":9}},"line":40}},"branchMap":{"0":{"loc":{"start":{"line":41,"column":10},"end":{"line":43,"column":11}},"type":"if","locations":[{"start":{"line":41,"column":10},"end":{"line":43,"column":11}},{"start":{"line":41,"column":10},"end":{"line":43,"column":11}}],"line":41},"1":{"loc":{"start":{"line":41,"column":15},"end":{"line":41,"column":44}},"type":"binary-expr","locations":[{"start":{"line":41,"column":15},"end":{"line":41,"column":31}},{"start":{"line":41,"column":35},"end":{"line":41,"column":44}}],"line":41}},"s":{"0":0,"1":0,"2":0,"3":0},"f":{"0":0,"1":0},"b":{"0":[0,0],"1":[0,0]},"_coverageSchema":"332fd63041d2c1bcb487cc26dd0d5f7d97098a6c","hash":"8bd2aa22191094fe28036273f5552a8212fa5c14"}
,"/home/bertho/OpenAgenda/inbox-apps/src/components/MessageForm/validate.js": {"path":"/home/bertho/OpenAgenda/inbox-apps/src/components/MessageForm/validate.js","statementMap":{"0":{"start":{"line":4,"column":0},"end":{"line":6,"column":4}},"1":{"start":{"line":9,"column":2},"end":{"line":22,"column":3}},"2":{"start":{"line":10,"column":21},"end":{"line":17,"column":7}},"3":{"start":{"line":19,"column":4},"end":{"line":19,"column":21}},"4":{"start":{"line":21,"column":4},"end":{"line":21,"column":86}},"5":{"start":{"line":21,"column":44},"end":{"line":21,"column":78}}},"fnMap":{"0":{"name":"validate","decl":{"start":{"line":8,"column":24},"end":{"line":8,"column":32}},"loc":{"start":{"line":8,"column":41},"end":{"line":23,"column":1}},"line":8},"1":{"name":"(anonymous_1)","decl":{"start":{"line":21,"column":26},"end":{"line":21,"column":27}},"loc":{"start":{"line":21,"column":44},"end":{"line":21,"column":78}},"line":21}},"branchMap":{},"s":{"0":1,"1":0,"2":0,"3":0,"4":0,"5":0},"f":{"0":0,"1":0},"b":{},"_coverageSchema":"332fd63041d2c1bcb487cc26dd0d5f7d97098a6c","hash":"73b9e071b53cb4cac60d0ba20970d5e37811ef3f"}
,"/home/bertho/OpenAgenda/inbox-apps/src/components/MessageItem/MessageItem.js": {"path":"/home/bertho/OpenAgenda/inbox-apps/src/components/MessageItem/MessageItem.js","statementMap":{"0":{"start":{"line":14,"column":24},"end":{"line":14,"column":34}},"1":{"start":{"line":15,"column":25},"end":{"line":15,"column":37}},"2":{"start":{"line":17,"column":4},"end":{"line":19,"column":5}},"3":{"start":{"line":18,"column":6},"end":{"line":18,"column":18}},"4":{"start":{"line":21,"column":25},"end":{"line":21,"column":52}},"5":{"start":{"line":23,"column":4},"end":{"line":43,"column":6}},"6":{"start":{"line":48,"column":2},"end":{"line":50,"column":3}},"7":{"start":{"line":49,"column":4},"end":{"line":49,"column":34}},"8":{"start":{"line":52,"column":2},"end":{"line":52,"column":28}}},"fnMap":{"0":{"name":"(anonymous_0)","decl":{"start":{"line":13,"column":2},"end":{"line":13,"column":3}},"loc":{"start":{"line":13,"column":11},"end":{"line":44,"column":3}},"line":13},"1":{"name":"getMessageSenderName","decl":{"start":{"line":47,"column":9},"end":{"line":47,"column":29}},"loc":{"start":{"line":47,"column":41},"end":{"line":53,"column":1}},"line":47}},"branchMap":{"0":{"loc":{"start":{"line":17,"column":4},"end":{"line":19,"column":5}},"type":"if","locations":[{"start":{"line":17,"column":4},"end":{"line":19,"column":5}},{"start":{"line":17,"column":4},"end":{"line":19,"column":5}}],"line":17},"1":{"loc":{"start":{"line":35,"column":15},"end":{"line":35,"column":44}},"type":"binary-expr","locations":[{"start":{"line":35,"column":15},"end":{"line":35,"column":36}},{"start":{"line":35,"column":40},"end":{"line":35,"column":44}}],"line":35},"2":{"loc":{"start":{"line":48,"column":2},"end":{"line":50,"column":3}},"type":"if","locations":[{"start":{"line":48,"column":2},"end":{"line":50,"column":3}},{"start":{"line":48,"column":2},"end":{"line":50,"column":3}}],"line":48}},"s":{"0":0,"1":0,"2":0,"3":0,"4":0,"5":0,"6":0,"7":0,"8":0},"f":{"0":0,"1":0},"b":{"0":[0,0],"1":[0,0],"2":[0,0]},"_coverageSchema":"332fd63041d2c1bcb487cc26dd0d5f7d97098a6c","hash":"0618e833bdd470cbbc15c8ffefa288a8c89094c8"}
,"/home/bertho/OpenAgenda/inbox-apps/src/components/MessageList/MessageList.js": {"path":"/home/bertho/OpenAgenda/inbox-apps/src/components/MessageList/MessageList.js","statementMap":{"0":{"start":{"line":6,"column":25},"end":{"line":6,"column":35}},"1":{"start":{"line":8,"column":4},"end":{"line":10,"column":6}},"2":{"start":{"line":9,"column":6},"end":{"line":9,"column":56}}},"fnMap":{"0":{"name":"(anonymous_0)","decl":{"start":{"line":5,"column":2},"end":{"line":5,"column":3}},"loc":{"start":{"line":5,"column":11},"end":{"line":11,"column":3}},"line":5},"1":{"name":"(anonymous_1)","decl":{"start":{"line":8,"column":25},"end":{"line":8,"column":26}},"loc":{"start":{"line":9,"column":6},"end":{"line":9,"column":56}},"line":9}},"branchMap":{},"s":{"0":0,"1":0,"2":0},"f":{"0":0,"1":0},"b":{},"_coverageSchema":"332fd63041d2c1bcb487cc26dd0d5f7d97098a6c","hash":"ec336a91576a5973e49deb534cb246e8c1ee409d"}
,"/home/bertho/OpenAgenda/inbox-apps/src/utils/form.js": {"path":"/home/bertho/OpenAgenda/inbox-apps/src/utils/form.js","statementMap":{"0":{"start":{"line":6,"column":22},"end":{"line":10,"column":1}},"1":{"start":{"line":16,"column":6},"end":{"line":16,"column":11}},"2":{"start":{"line":18,"column":36},"end":{"line":18,"column":40}},"3":{"start":{"line":19,"column":23},"end":{"line":19,"column":116}},"4":{"start":{"line":21,"column":2},"end":{"line":21,"column":46}},"5":{"start":{"line":21,"column":27},"end":{"line":21,"column":46}},"6":{"start":{"line":23,"column":20},"end":{"line":29,"column":3}},"7":{"start":{"line":31,"column":25},"end":{"line":36,"column":3}},"8":{"start":{"line":38,"column":23},"end":{"line":43,"column":3}},"9":{"start":{"line":45,"column":2},"end":{"line":60,"column":4}},"10":{"start":{"line":66,"column":21},"end":{"line":66,"column":59}},"11":{"start":{"line":68,"column":18},"end":{"line":68,"column":60}},"12":{"start":{"line":70,"column":2},"end":{"line":70,"column":46}},"13":{"start":{"line":76,"column":21},"end":{"line":76,"column":82}},"14":{"start":{"line":78,"column":18},"end":{"line":80,"column":8}},"15":{"start":{"line":82,"column":2},"end":{"line":82,"column":46}},"16":{"start":{"line":88,"column":21},"end":{"line":88,"column":34}},"17":{"start":{"line":90,"column":18},"end":{"line":92,"column":11}},"18":{"start":{"line":94,"column":2},"end":{"line":94,"column":46}},"19":{"start":{"line":100,"column":21},"end":{"line":100,"column":65}},"20":{"start":{"line":101,"column":19},"end":{"line":104,"column":3}},"21":{"start":{"line":102,"column":4},"end":{"line":102,"column":43}},"22":{"start":{"line":103,"column":4},"end":{"line":103,"column":13}},"23":{"start":{"line":106,"column":18},"end":{"line":111,"column":8}},"24":{"start":{"line":113,"column":2},"end":{"line":113,"column":46}},"25":{"start":{"line":119,"column":21},"end":{"line":119,"column":60}},"26":{"start":{"line":121,"column":18},"end":{"line":124,"column":4}},"27":{"start":{"line":126,"column":2},"end":{"line":126,"column":46}}},"fnMap":{"0":{"name":"renderField","decl":{"start":{"line":12,"column":16},"end":{"line":12,"column":27}},"loc":{"start":{"line":12,"column":37},"end":{"line":62,"column":1}},"line":12},"1":{"name":"renderInput","decl":{"start":{"line":64,"column":16},"end":{"line":64,"column":27}},"loc":{"start":{"line":64,"column":80},"end":{"line":72,"column":1}},"line":64},"2":{"name":"renderTextarea","decl":{"start":{"line":74,"column":16},"end":{"line":74,"column":30}},"loc":{"start":{"line":74,"column":106},"end":{"line":84,"column":1}},"line":74},"3":{"name":"renderSelect","decl":{"start":{"line":86,"column":16},"end":{"line":86,"column":28}},"loc":{"start":{"line":86,"column":66},"end":{"line":96,"column":1}},"line":86},"4":{"name":"renderSearchInput","decl":{"start":{"line":98,"column":16},"end":{"line":98,"column":33}},"loc":{"start":{"line":98,"column":109},"end":{"line":115,"column":1}},"line":98},"5":{"name":"(anonymous_5)","decl":{"start":{"line":101,"column":19},"end":{"line":101,"column":20}},"loc":{"start":{"line":101,"column":24},"end":{"line":104,"column":3}},"line":101},"6":{"name":"renderMarkdownInput","decl":{"start":{"line":117,"column":16},"end":{"line":117,"column":35}},"loc":{"start":{"line":117,"column":96},"end":{"line":128,"column":1}},"line":117}},"branchMap":{"0":{"loc":{"start":{"line":19,"column":23},"end":{"line":19,"column":116}},"type":"cond-expr","locations":[{"start":{"line":19,"column":44},"end":{"line":19,"column":70}},{"start":{"line":19,"column":74},"end":{"line":19,"column":115}}],"line":19},"1":{"loc":{"start":{"line":19,"column":74},"end":{"line":19,"column":115}},"type":"cond-expr","locations":[{"start":{"line":19,"column":89},"end":{"line":19,"column":105}},{"start":{"line":19,"column":108},"end":{"line":19,"column":115}}],"line":19},"2":{"loc":{"start":{"line":19,"column":89},"end":{"line":19,"column":105}},"type":"binary-expr","locations":[{"start":{"line":19,"column":89},"end":{"line":19,"column":94}},{"start":{"line":19,"column":98},"end":{"line":19,"column":105}}],"line":19},"3":{"loc":{"start":{"line":21,"column":2},"end":{"line":21,"column":46}},"type":"if","locations":[{"start":{"line":21,"column":2},"end":{"line":21,"column":46}},{"start":{"line":21,"column":2},"end":{"line":21,"column":46}}],"line":21},"4":{"loc":{"start":{"line":27,"column":32},"end":{"line":27,"column":53}},"type":"binary-expr","locations":[{"start":{"line":27,"column":32},"end":{"line":27,"column":44}},{"start":{"line":27,"column":48},"end":{"line":27,"column":53}}],"line":27},"5":{"loc":{"start":{"line":47,"column":7},"end":{"line":47,"column":53}},"type":"binary-expr","locations":[{"start":{"line":47,"column":7},"end":{"line":47,"column":12}},{"start":{"line":47,"column":16},"end":{"line":47,"column":53}}],"line":47},"6":{"loc":{"start":{"line":50,"column":7},"end":{"line":52,"column":15}},"type":"binary-expr","locations":[{"start":{"line":50,"column":7},"end":{"line":50,"column":19}},{"start":{"line":50,"column":23},"end":{"line":50,"column":38}},{"start":{"line":50,"column":42},"end":{"line":50,"column":47}},{"start":{"line":50,"column":51},"end":{"line":52,"column":15}}],"line":50},"7":{"loc":{"start":{"line":53,"column":7},"end":{"line":55,"column":12}},"type":"binary-expr","locations":[{"start":{"line":53,"column":7},"end":{"line":53,"column":19}},{"start":{"line":53,"column":23},"end":{"line":53,"column":28}},{"start":{"line":53,"column":32},"end":{"line":55,"column":12}}],"line":53},"8":{"loc":{"start":{"line":56,"column":7},"end":{"line":58,"column":12}},"type":"binary-expr","locations":[{"start":{"line":56,"column":7},"end":{"line":56,"column":10}},{"start":{"line":56,"column":14},"end":{"line":58,"column":12}}],"line":56},"9":{"loc":{"start":{"line":109,"column":7},"end":{"line":109,"column":106}},"type":"cond-expr","locations":[{"start":{"line":109,"column":17},"end":{"line":109,"column":52}},{"start":{"line":109,"column":55},"end":{"line":109,"column":106}}],"line":109},"10":{"loc":{"start":{"line":117,"column":39},"end":{"line":117,"column":50}},"type":"default-arg","locations":[{"start":{"line":117,"column":46},"end":{"line":117,"column":50}}],"line":117}},"s":{"0":1,"1":0,"2":0,"3":0,"4":0,"5":0,"6":0,"7":0,"8":0,"9":0,"10":0,"11":0,"12":0,"13":0,"14":0,"15":0,"16":0,"17":0,"18":0,"19":0,"20":0,"21":0,"22":0,"23":0,"24":0,"25":0,"26":0,"27":0},"f":{"0":0,"1":0,"2":0,"3":0,"4":0,"5":0,"6":0},"b":{"0":[0,0],"1":[0,0],"2":[0,0],"3":[0,0],"4":[0,0],"5":[0,0],"6":[0,0,0,0],"7":[0,0,0],"8":[0,0],"9":[0,0],"10":[0]},"_coverageSchema":"332fd63041d2c1bcb487cc26dd0d5f7d97098a6c","hash":"71424334f40322ab4f1866adc36ba7b99cd8edb5"}
,"/home/bertho/OpenAgenda/inbox-apps/src/utils/getDestinationInbox.js": {"path":"/home/bertho/OpenAgenda/inbox-apps/src/utils/getDestinationInbox.js","statementMap":{"0":{"start":{"line":2,"column":38},"end":{"line":2,"column":50}},"1":{"start":{"line":4,"column":19},"end":{"line":6,"column":69}},"2":{"start":{"line":5,"column":16},"end":{"line":5,"column":45}},"3":{"start":{"line":6,"column":18},"end":{"line":6,"column":67}},"4":{"start":{"line":8,"column":2},"end":{"line":8,"column":79}},"5":{"start":{"line":8,"column":31},"end":{"line":8,"column":54}}},"fnMap":{"0":{"name":"getDestinationInbox","decl":{"start":{"line":1,"column":24},"end":{"line":1,"column":43}},"loc":{"start":{"line":1,"column":70},"end":{"line":9,"column":1}},"line":1},"1":{"name":"(anonymous_1)","decl":{"start":{"line":5,"column":11},"end":{"line":5,"column":12}},"loc":{"start":{"line":5,"column":16},"end":{"line":5,"column":45}},"line":5},"2":{"name":"(anonymous_2)","decl":{"start":{"line":6,"column":13},"end":{"line":6,"column":14}},"loc":{"start":{"line":6,"column":18},"end":{"line":6,"column":67}},"line":6},"3":{"name":"(anonymous_3)","decl":{"start":{"line":8,"column":26},"end":{"line":8,"column":27}},"loc":{"start":{"line":8,"column":31},"end":{"line":8,"column":54}},"line":8}},"branchMap":{"0":{"loc":{"start":{"line":6,"column":20},"end":{"line":6,"column":66}},"type":"binary-expr","locations":[{"start":{"line":6,"column":20},"end":{"line":6,"column":37}},{"start":{"line":6,"column":41},"end":{"line":6,"column":66}}],"line":6},"1":{"loc":{"start":{"line":8,"column":9},"end":{"line":8,"column":78}},"type":"binary-expr","locations":[{"start":{"line":8,"column":9},"end":{"line":8,"column":61}},{"start":{"line":8,"column":65},"end":{"line":8,"column":78}}],"line":8}},"s":{"0":1,"1":1,"2":1,"3":2,"4":1,"5":2},"f":{"0":1,"1":1,"2":2,"3":2},"b":{"0":[2,1],"1":[1,0]},"_coverageSchema":"332fd63041d2c1bcb487cc26dd0d5f7d97098a6c","hash":"785af01a02cc4d60a8194a1cfaf6a58092c72ab0"}
,"/home/bertho/OpenAgenda/inbox-apps/src/utils/removeTrailingSlash.js": {"path":"/home/bertho/OpenAgenda/inbox-apps/src/utils/removeTrailingSlash.js","statementMap":{"0":{"start":{"line":2,"column":2},"end":{"line":2,"column":64}}},"fnMap":{"0":{"name":"removeTrailingSlash","decl":{"start":{"line":1,"column":24},"end":{"line":1,"column":43}},"loc":{"start":{"line":1,"column":52},"end":{"line":3,"column":1}},"line":1}},"branchMap":{"0":{"loc":{"start":{"line":2,"column":9},"end":{"line":2,"column":63}},"type":"cond-expr","locations":[{"start":{"line":2,"column":37},"end":{"line":2,"column":56}},{"start":{"line":2,"column":59},"end":{"line":2,"column":63}}],"line":2}},"s":{"0":0},"f":{"0":0},"b":{"0":[0,0]},"_coverageSchema":"332fd63041d2c1bcb487cc26dd0d5f7d97098a6c","hash":"d8ccc790819e4c8510982d0a4c6f6324bf66dbbc"}
,"/home/bertho/OpenAgenda/inbox-apps/test/01_ConversationTitle.data.js": {"path":"/home/bertho/OpenAgenda/inbox-apps/test/01_ConversationTitle.data.js","statementMap":{"0":{"start":{"line":1,"column":19},"end":{"line":6,"column":1}}},"fnMap":{},"branchMap":{},"s":{"0":1},"f":{},"b":{},"_coverageSchema":"332fd63041d2c1bcb487cc26dd0d5f7d97098a6c","hash":"245f5e127cb824cd4027ca646cdef7a6afe26c91"}
,"/home/bertho/OpenAgenda/inbox-apps/test/setup.js": {"path":"/home/bertho/OpenAgenda/inbox-apps/test/setup.js","statementMap":{"0":{"start":{"line":10,"column":0},"end":{"line":10,"column":25}},"1":{"start":{"line":12,"column":0},"end":{"line":12,"column":27}},"2":{"start":{"line":13,"column":0},"end":{"line":13,"column":27}},"3":{"start":{"line":14,"column":0},"end":{"line":14,"column":29}},"4":{"start":{"line":16,"column":0},"end":{"line":16,"column":47}},"5":{"start":{"line":17,"column":0},"end":{"line":17,"column":51}}},"fnMap":{},"branchMap":{},"s":{"0":1,"1":1,"2":1,"3":1,"4":1,"5":1},"f":{},"b":{},"_coverageSchema":"332fd63041d2c1bcb487cc26dd0d5f7d97098a6c","hash":"952986f5a1a162e07b1a8e9bf70342f6e5d27e0f"}
}
