TN:
SF:/home/bertho/OpenAgenda/inbox-apps/src/components/index.js
FNF:0
FNH:0
LF:0
LH:0
BRF:0
BRH:0
end_of_record
TN:
SF:/home/bertho/OpenAgenda/inbox-apps/src/components/ActionsList/ActionsList.js
FN:7,(anonymous_0)
FN:16,(anonymous_1)
FN:26,(anonymous_2)
FN:40,(anonymous_3)
FN:49,(anonymous_4)
FN:58,(anonymous_5)
FN:67,(anonymous_6)
FNF:7
FNH:0
FNDA:0,(anonymous_0)
FNDA:0,(anonymous_1)
FNDA:0,(anonymous_2)
FNDA:0,(anonymous_3)
FNDA:0,(anonymous_4)
FNDA:0,(anonymous_5)
FNDA:0,(anonymous_6)
DA:8,0
DA:9,0
DA:17,0
DA:19,0
DA:20,0
DA:23,0
DA:27,0
DA:29,0
DA:30,0
DA:33,0
DA:34,0
DA:37,0
DA:41,0
DA:43,0
DA:44,0
DA:47,0
DA:50,0
DA:58,0
DA:67,0
LF:19
LH:0
BRDA:19,0,0,0
BRDA:19,0,1,0
BRDA:29,1,0,0
BRDA:29,1,1,0
BRDA:33,2,0,0
BRDA:33,2,1,0
BRDA:43,3,0,0
BRDA:43,3,1,0
BRDA:43,4,0,0
BRDA:43,4,1,0
BRDA:51,5,0,0
BRDA:51,5,1,0
BRDA:55,6,0,0
BRDA:55,6,1,0
BRDA:55,7,0,0
BRDA:55,7,1,0
BRF:16
BRH:0
end_of_record
TN:
SF:/home/bertho/OpenAgenda/inbox-apps/src/components/AuthorAvatar/AuthorAvatar.js
FN:6,(anonymous_0)
FNF:1
FNH:0
FNDA:0,(anonymous_0)
DA:7,0
DA:9,0
DA:14,0
DA:15,0
DA:34,0
LF:5
LH:0
BRDA:14,0,0,0
BRDA:14,0,1,0
BRDA:18,1,0,0
BRDA:18,1,1,0
BRDA:23,2,0,0
BRDA:23,2,1,0
BRDA:23,3,0,0
BRDA:23,3,1,0
BRDA:23,3,2,0
BRDA:23,3,3,0
BRDA:26,4,0,0
BRDA:26,4,1,0
BRDA:37,5,0,0
BRDA:37,5,1,0
BRF:14
BRH:0
end_of_record
TN:
SF:/home/bertho/OpenAgenda/inbox-apps/src/components/Breadcrumb/Breadcrumb.js
FN:7,(anonymous_0)
FN:14,(anonymous_1)
FN:24,(anonymous_2)
FN:33,(anonymous_3)
FN:36,(anonymous_4)
FNF:5
FNH:0
FNDA:0,(anonymous_0)
FNDA:0,(anonymous_1)
FNDA:0,(anonymous_2)
FNDA:0,(anonymous_3)
FNDA:0,(anonymous_4)
DA:8,0
DA:10,0
DA:11,0
DA:14,0
DA:15,0
DA:25,0
DA:27,0
DA:29,0
DA:34,0
DA:36,0
DA:44,0
LF:11
LH:0
BRDA:10,0,0,0
BRDA:10,0,1,0
BRDA:10,1,0,0
BRDA:10,1,1,0
BRDA:27,2,0,0
BRDA:27,2,1,0
BRDA:29,3,0,0
BRDA:29,3,1,0
BRDA:29,4,0,0
BRDA:29,4,1,0
BRF:10
BRH:0
end_of_record
TN:
SF:/home/bertho/OpenAgenda/inbox-apps/src/components/ConversationForm/ConversationForm.js
FN:28,(anonymous_0)
FN:32,(anonymous_1)
FN:40,(anonymous_2)
FN:73,(anonymous_3)
FNF:4
FNH:0
FNDA:0,(anonymous_0)
FNDA:0,(anonymous_1)
FNDA:0,(anonymous_2)
FNDA:0,(anonymous_3)
DA:29,0
DA:33,0
DA:34,0
DA:36,0
DA:41,0
DA:43,0
DA:74,0
DA:75,0
LF:8
LH:0
BRDA:29,0,0,0
BRDA:29,0,1,0
BRDA:74,1,0,0
BRDA:74,1,1,0
BRDA:74,2,0,0
BRDA:74,2,1,0
BRF:6
BRH:0
end_of_record
TN:
SF:/home/bertho/OpenAgenda/inbox-apps/src/components/ConversationForm/validate.js
FN:8,validate
FN:21,(anonymous_1)
FNF:2
FNH:0
FNDA:0,validate
FNDA:0,(anonymous_1)
DA:4,1
DA:9,0
DA:10,0
DA:19,0
DA:21,0
LF:5
LH:1
BRF:0
BRH:0
end_of_record
TN:
SF:/home/bertho/OpenAgenda/inbox-apps/src/components/ConversationItem/ConversationItem.js
FN:21,(anonymous_0)
FN:71,(anonymous_1)
FN:82,(anonymous_2)
FN:11,(anonymous_3)
FN:139,getInboxUserName
FN:147,isCreator
FNF:6
FNH:0
FNDA:0,(anonymous_0)
FNDA:0,(anonymous_1)
FNDA:0,(anonymous_2)
FNDA:0,(anonymous_3)
FNDA:0,getInboxUserName
FNDA:0,isCreator
DA:11,0
DA:22,0
DA:23,0
DA:24,0
DA:26,0
DA:27,0
DA:28,0
DA:33,0
DA:34,0
DA:40,0
DA:41,0
DA:47,0
DA:72,0
DA:74,0
DA:76,0
DA:78,0
DA:83,0
DA:84,0
DA:86,0
DA:87,0
DA:90,0
DA:92,0
DA:94,0
DA:105,0
DA:140,0
DA:141,0
DA:144,0
DA:148,0
DA:149,0
DA:152,0
DA:153,0
DA:156,0
LF:32
LH:0
BRDA:33,0,0,0
BRDA:33,0,1,0
BRDA:40,1,0,0
BRDA:40,1,1,0
BRDA:56,2,0,0
BRDA:56,2,1,0
BRDA:72,3,0,0
BRDA:72,3,1,0
BRDA:72,3,2,0
BRDA:86,4,0,0
BRDA:86,4,1,0
BRDA:94,5,0,0
BRDA:94,5,1,0
BRDA:126,6,0,0
BRDA:126,6,1,0
BRDA:140,7,0,0
BRDA:140,7,1,0
BRDA:148,8,0,0
BRDA:148,8,1,0
BRDA:148,9,0,0
BRDA:148,9,1,0
BRDA:152,10,0,0
BRDA:152,10,1,0
BRDA:152,11,0,0
BRDA:152,11,1,0
BRF:25
BRH:0
end_of_record
TN:
SF:/home/bertho/OpenAgenda/inbox-apps/src/components/ConversationList/ConversationList.js
FN:5,(anonymous_0)
FN:8,(anonymous_1)
FNF:2
FNH:0
FNDA:0,(anonymous_0)
FNDA:0,(anonymous_1)
DA:6,0
DA:8,0
DA:9,0
LF:3
LH:0
BRF:0
BRH:0
end_of_record
TN:
SF:/home/bertho/OpenAgenda/inbox-apps/src/components/ConversationTitle/ConversationTitle.js
FN:15,(anonymous_0)
FN:18,(anonymous_1)
FN:7,(anonymous_2)
FN:264,getInboxUserName
FN:272,isUser
FN:284,isInInboxes
FN:285,(anonymous_6)
FNF:7
FNH:5
FNDA:0,(anonymous_0)
FNDA:1,(anonymous_1)
FNDA:1,(anonymous_2)
FNDA:0,getInboxUserName
FNDA:3,isUser
FNDA:1,isInInboxes
FNDA:2,(anonymous_6)
DA:7,1
DA:15,0
DA:22,1
DA:24,1
DA:26,1
DA:28,1
DA:33,1
DA:35,1
DA:37,1
DA:39,1
DA:40,1
DA:41,1
DA:43,0
DA:46,0
DA:50,0
DA:59,0
DA:69,0
DA:70,0
DA:71,0
DA:80,0
DA:90,0
DA:94,0
DA:112,0
DA:126,0
DA:127,0
DA:128,0
DA:137,0
DA:151,0
DA:155,0
DA:173,0
DA:191,0
DA:193,0
DA:194,0
DA:196,0
DA:204,0
DA:205,0
DA:214,0
DA:226,0
DA:228,0
DA:229,0
DA:231,0
DA:239,0
DA:240,0
DA:249,0
DA:265,0
DA:266,0
DA:269,0
DA:273,3
DA:274,1
DA:277,2
DA:278,0
DA:281,2
DA:285,2
LF:53
LH:16
BRDA:35,0,0,1
BRDA:35,0,1,0
BRDA:35,0,2,0
BRDA:37,1,0,1
BRDA:37,1,1,0
BRDA:37,1,2,0
BRDA:39,2,0,1
BRDA:39,2,1,0
BRDA:40,3,0,1
BRDA:40,3,1,0
BRDA:46,4,0,0
BRDA:46,4,1,0
BRDA:47,5,0,0
BRDA:47,5,1,0
BRDA:47,5,2,0
BRDA:47,5,3,0
BRDA:55,6,0,0
BRDA:55,6,1,0
BRDA:69,7,0,0
BRDA:69,7,1,0
BRDA:70,8,0,0
BRDA:70,8,1,0
BRDA:90,9,0,0
BRDA:90,9,1,0
BRDA:91,10,0,0
BRDA:91,10,1,0
BRDA:91,10,2,0
BRDA:91,10,3,0
BRDA:97,11,0,0
BRDA:97,11,1,0
BRDA:126,12,0,0
BRDA:126,12,1,0
BRDA:127,13,0,0
BRDA:127,13,1,0
BRDA:151,14,0,0
BRDA:151,14,1,0
BRDA:152,15,0,0
BRDA:152,15,1,0
BRDA:152,15,2,0
BRDA:152,15,3,0
BRDA:158,16,0,0
BRDA:158,16,1,0
BRDA:191,17,0,0
BRDA:191,17,1,0
BRDA:193,18,0,0
BRDA:193,18,1,0
BRDA:204,19,0,0
BRDA:204,19,1,0
BRDA:226,20,0,0
BRDA:226,20,1,0
BRDA:228,21,0,0
BRDA:228,21,1,0
BRDA:239,22,0,0
BRDA:239,22,1,0
BRDA:265,23,0,0
BRDA:265,23,1,0
BRDA:273,24,0,1
BRDA:273,24,1,2
BRDA:273,25,0,3
BRDA:273,25,1,1
BRDA:277,26,0,0
BRDA:277,26,1,2
BRDA:277,27,0,2
BRDA:277,27,1,1
BRF:64
BRH:11
end_of_record
TN:
SF:/home/bertho/OpenAgenda/inbox-apps/src/components/Link/Link.js
FN:9,(anonymous_0)
FN:12,(anonymous_1)
FNF:2
FNH:0
FNDA:0,(anonymous_0)
FNDA:0,(anonymous_1)
DA:8,1
DA:9,0
DA:12,0
LF:3
LH:1
BRDA:13,0,0,0
BRDA:13,0,1,0
BRDA:14,1,0,0
BRDA:14,1,1,0
BRDA:14,2,0,0
BRDA:14,2,1,0
BRDA:15,3,0,0
BRDA:15,3,1,0
BRF:8
BRH:0
end_of_record
TN:
SF:/home/bertho/OpenAgenda/inbox-apps/src/components/LinkContainer/LinkContainer.js
FN:8,(anonymous_0)
FN:11,(anonymous_1)
FN:15,(anonymous_2)
FNF:3
FNH:0
FNDA:0,(anonymous_0)
FNDA:0,(anonymous_1)
FNDA:0,(anonymous_2)
DA:7,1
DA:8,0
DA:11,0
DA:15,0
LF:4
LH:1
BRDA:13,0,0,0
BRDA:13,0,1,0
BRF:2
BRH:0
end_of_record
TN:
SF:/home/bertho/OpenAgenda/inbox-apps/src/components/MessageForm/MessageForm.js
FN:27,(anonymous_0)
FN:40,(anonymous_1)
FNF:2
FNH:0
FNDA:0,(anonymous_0)
FNDA:0,(anonymous_1)
DA:28,0
DA:30,0
DA:41,0
DA:42,0
LF:4
LH:0
BRDA:41,0,0,0
BRDA:41,0,1,0
BRDA:41,1,0,0
BRDA:41,1,1,0
BRF:4
BRH:0
end_of_record
TN:
SF:/home/bertho/OpenAgenda/inbox-apps/src/components/MessageForm/validate.js
FN:8,validate
FN:21,(anonymous_1)
FNF:2
FNH:0
FNDA:0,validate
FNDA:0,(anonymous_1)
DA:4,1
DA:9,0
DA:10,0
DA:19,0
DA:21,0
LF:5
LH:1
BRF:0
BRH:0
end_of_record
TN:
SF:/home/bertho/OpenAgenda/inbox-apps/src/components/MessageItem/MessageItem.js
FN:13,(anonymous_0)
FN:47,getMessageSenderName
FNF:2
FNH:0
FNDA:0,(anonymous_0)
FNDA:0,getMessageSenderName
DA:14,0
DA:15,0
DA:17,0
DA:18,0
DA:21,0
DA:23,0
DA:48,0
DA:49,0
DA:52,0
LF:9
LH:0
BRDA:17,0,0,0
BRDA:17,0,1,0
BRDA:35,1,0,0
BRDA:35,1,1,0
BRDA:48,2,0,0
BRDA:48,2,1,0
BRF:6
BRH:0
end_of_record
TN:
SF:/home/bertho/OpenAgenda/inbox-apps/src/components/MessageList/MessageList.js
FN:5,(anonymous_0)
FN:8,(anonymous_1)
FNF:2
FNH:0
FNDA:0,(anonymous_0)
FNDA:0,(anonymous_1)
DA:6,0
DA:8,0
DA:9,0
LF:3
LH:0
BRF:0
BRH:0
end_of_record
TN:
SF:/home/bertho/OpenAgenda/inbox-apps/src/utils/form.js
FN:12,renderField
FN:64,renderInput
FN:74,renderTextarea
FN:86,renderSelect
FN:98,renderSearchInput
FN:101,(anonymous_5)
FN:117,renderMarkdownInput
FNF:7
FNH:0
FNDA:0,renderField
FNDA:0,renderInput
FNDA:0,renderTextarea
FNDA:0,renderSelect
FNDA:0,renderSearchInput
FNDA:0,(anonymous_5)
FNDA:0,renderMarkdownInput
DA:6,1
DA:16,0
DA:18,0
DA:19,0
DA:21,0
DA:23,0
DA:31,0
DA:38,0
DA:45,0
DA:66,0
DA:68,0
DA:70,0
DA:76,0
DA:78,0
DA:82,0
DA:88,0
DA:90,0
DA:94,0
DA:100,0
DA:101,0
DA:102,0
DA:103,0
DA:106,0
DA:113,0
DA:119,0
DA:121,0
DA:126,0
LF:27
LH:1
BRDA:19,0,0,0
BRDA:19,0,1,0
BRDA:19,1,0,0
BRDA:19,1,1,0
BRDA:19,2,0,0
BRDA:19,2,1,0
BRDA:21,3,0,0
BRDA:21,3,1,0
BRDA:27,4,0,0
BRDA:27,4,1,0
BRDA:47,5,0,0
BRDA:47,5,1,0
BRDA:50,6,0,0
BRDA:50,6,1,0
BRDA:50,6,2,0
BRDA:50,6,3,0
BRDA:53,7,0,0
BRDA:53,7,1,0
BRDA:53,7,2,0
BRDA:56,8,0,0
BRDA:56,8,1,0
BRDA:109,9,0,0
BRDA:109,9,1,0
BRDA:117,10,0,0
BRF:24
BRH:0
end_of_record
TN:
SF:/home/bertho/OpenAgenda/inbox-apps/src/utils/getDestinationInbox.js
FN:1,getDestinationInbox
FN:5,(anonymous_1)
FN:6,(anonymous_2)
FN:8,(anonymous_3)
FNF:4
FNH:4
FNDA:1,getDestinationInbox
FNDA:1,(anonymous_1)
FNDA:2,(anonymous_2)
FNDA:2,(anonymous_3)
DA:2,1
DA:4,1
DA:5,1
DA:6,2
DA:8,2
LF:5
LH:5
BRDA:6,0,0,2
BRDA:6,0,1,1
BRDA:8,1,0,1
BRDA:8,1,1,0
BRF:4
BRH:3
end_of_record
TN:
SF:/home/bertho/OpenAgenda/inbox-apps/src/utils/removeTrailingSlash.js
FN:1,removeTrailingSlash
FNF:1
FNH:0
FNDA:0,removeTrailingSlash
DA:2,0
LF:1
LH:0
BRDA:2,0,0,0
BRDA:2,0,1,0
BRF:2
BRH:0
end_of_record
TN:
SF:/home/bertho/OpenAgenda/inbox-apps/test/01_ConversationTitle.data.js
FNF:0
FNH:0
DA:1,1
LF:1
LH:1
BRF:0
BRH:0
end_of_record
TN:
SF:/home/bertho/OpenAgenda/inbox-apps/test/setup.js
FNF:0
FNH:0
DA:10,1
DA:12,1
DA:13,1
DA:14,1
DA:16,1
DA:17,1
LF:6
LH:6
BRF:0
BRH:0
end_of_record
